mode: set
github.com/Ulbora/GoAuth2Users/handlers/clientUserHandler.go:36.77,47.10 8 1
github.com/Ulbora/GoAuth2Users/handlers/clientUserHandler.go:47.10,50.21 3 1
github.com/Ulbora/GoAuth2Users/handlers/clientUserHandler.go:50.21,52.4 1 1
github.com/Ulbora/GoAuth2Users/handlers/clientUserHandler.go:52.9,60.32 8 1
github.com/Ulbora/GoAuth2Users/handlers/clientUserHandler.go:60.32,62.5 1 1
github.com/Ulbora/GoAuth2Users/handlers/clientUserHandler.go:62.10,62.40 1 1
github.com/Ulbora/GoAuth2Users/handlers/clientUserHandler.go:62.40,64.5 1 1
github.com/Ulbora/GoAuth2Users/handlers/clientUserHandler.go:64.10,70.16 6 1
github.com/Ulbora/GoAuth2Users/handlers/clientUserHandler.go:76.5,77.35 2 1
github.com/Ulbora/GoAuth2Users/handlers/clientUserHandler.go:70.16,73.6 2 1
github.com/Ulbora/GoAuth2Users/handlers/clientUserHandler.go:73.11,75.6 1 1
github.com/Ulbora/GoAuth2Users/handlers/clientUserHandler.go:80.8,85.3 4 1
github.com/Ulbora/GoAuth2Users/handlers/clientUserHandler.go:89.80,103.10 10 1
github.com/Ulbora/GoAuth2Users/handlers/clientUserHandler.go:103.10,107.21 3 1
github.com/Ulbora/GoAuth2Users/handlers/clientUserHandler.go:107.21,109.4 1 1
github.com/Ulbora/GoAuth2Users/handlers/clientUserHandler.go:109.9,117.36 8 1
github.com/Ulbora/GoAuth2Users/handlers/clientUserHandler.go:117.36,119.5 1 1
github.com/Ulbora/GoAuth2Users/handlers/clientUserHandler.go:119.10,119.40 1 1
github.com/Ulbora/GoAuth2Users/handlers/clientUserHandler.go:119.40,121.5 1 1
github.com/Ulbora/GoAuth2Users/handlers/clientUserHandler.go:121.10,125.29 4 1
github.com/Ulbora/GoAuth2Users/handlers/clientUserHandler.go:135.5,137.17 3 1
github.com/Ulbora/GoAuth2Users/handlers/clientUserHandler.go:143.5,144.35 2 1
github.com/Ulbora/GoAuth2Users/handlers/clientUserHandler.go:125.29,128.6 2 1
github.com/Ulbora/GoAuth2Users/handlers/clientUserHandler.go:128.11,128.103 1 1
github.com/Ulbora/GoAuth2Users/handlers/clientUserHandler.go:128.103,131.6 2 1
github.com/Ulbora/GoAuth2Users/handlers/clientUserHandler.go:131.11,134.6 2 1
github.com/Ulbora/GoAuth2Users/handlers/clientUserHandler.go:137.17,140.6 2 1
github.com/Ulbora/GoAuth2Users/handlers/clientUserHandler.go:140.11,142.6 1 1
github.com/Ulbora/GoAuth2Users/handlers/clientUserHandler.go:147.8,152.3 4 1
github.com/Ulbora/GoAuth2Users/handlers/clientUserHandler.go:156.77,166.10 8 1
github.com/Ulbora/GoAuth2Users/handlers/clientUserHandler.go:166.10,170.36 3 1
github.com/Ulbora/GoAuth2Users/handlers/clientUserHandler.go:170.36,176.50 5 1
github.com/Ulbora/GoAuth2Users/handlers/clientUserHandler.go:176.50,183.5 6 1
github.com/Ulbora/GoAuth2Users/handlers/clientUserHandler.go:183.10,185.5 1 1
github.com/Ulbora/GoAuth2Users/handlers/clientUserHandler.go:186.9,188.4 1 1
github.com/Ulbora/GoAuth2Users/handlers/clientUserHandler.go:189.8,191.3 1 1
github.com/Ulbora/GoAuth2Users/handlers/clientUserHandler.go:195.84,205.10 8 1
github.com/Ulbora/GoAuth2Users/handlers/clientUserHandler.go:205.10,208.34 3 1
github.com/Ulbora/GoAuth2Users/handlers/clientUserHandler.go:208.34,215.4 6 1
github.com/Ulbora/GoAuth2Users/handlers/clientUserHandler.go:215.9,217.4 1 1
github.com/Ulbora/GoAuth2Users/handlers/clientUserHandler.go:218.8,220.3 1 1
github.com/Ulbora/GoAuth2Users/handlers/clientUserHandler.go:224.80,234.10 8 1
github.com/Ulbora/GoAuth2Users/handlers/clientUserHandler.go:234.10,238.36 3 1
github.com/Ulbora/GoAuth2Users/handlers/clientUserHandler.go:238.36,244.52 5 1
github.com/Ulbora/GoAuth2Users/handlers/clientUserHandler.go:244.52,249.13 5 1
github.com/Ulbora/GoAuth2Users/handlers/clientUserHandler.go:255.5,256.35 2 1
github.com/Ulbora/GoAuth2Users/handlers/clientUserHandler.go:249.13,252.6 2 1
github.com/Ulbora/GoAuth2Users/handlers/clientUserHandler.go:252.11,254.6 1 1
github.com/Ulbora/GoAuth2Users/handlers/clientUserHandler.go:257.10,259.5 1 1
github.com/Ulbora/GoAuth2Users/handlers/clientUserHandler.go:260.9,262.4 1 1
github.com/Ulbora/GoAuth2Users/handlers/clientUserHandler.go:263.8,265.3 1 1
github.com/Ulbora/GoAuth2Users/handlers/handler.go:80.40,84.2 3 1
github.com/Ulbora/GoAuth2Users/handlers/handler.go:87.58,90.33 3 1
github.com/Ulbora/GoAuth2Users/handlers/handler.go:93.2,93.12 1 1
github.com/Ulbora/GoAuth2Users/handlers/handler.go:90.33,92.3 1 1
github.com/Ulbora/GoAuth2Users/handlers/handler.go:97.61,99.2 1 1
github.com/Ulbora/GoAuth2Users/handlers/handler.go:102.83,106.19 3 1
github.com/Ulbora/GoAuth2Users/handlers/handler.go:120.2,120.17 1 1
github.com/Ulbora/GoAuth2Users/handlers/handler.go:106.19,111.17 3 1
github.com/Ulbora/GoAuth2Users/handlers/handler.go:111.17,113.4 1 1
github.com/Ulbora/GoAuth2Users/handlers/handler.go:113.9,115.4 1 1
github.com/Ulbora/GoAuth2Users/handlers/handler.go:116.8,118.3 1 1
github.com/Ulbora/GoAuth2Users/handlers/handler.go:123.49,125.43 2 1
github.com/Ulbora/GoAuth2Users/handlers/handler.go:130.2,130.12 1 1
github.com/Ulbora/GoAuth2Users/handlers/handler.go:125.43,127.3 1 1
github.com/Ulbora/GoAuth2Users/handlers/handler.go:127.8,129.3 1 1
github.com/Ulbora/GoAuth2Users/handlers/loginHandler.go:33.73,38.19 4 1
github.com/Ulbora/GoAuth2Users/handlers/loginHandler.go:38.19,40.3 1 1
github.com/Ulbora/GoAuth2Users/handlers/loginHandler.go:40.8,46.30 6 1
github.com/Ulbora/GoAuth2Users/handlers/loginHandler.go:46.30,48.4 1 1
github.com/Ulbora/GoAuth2Users/handlers/loginHandler.go:48.9,50.66 2 1
github.com/Ulbora/GoAuth2Users/handlers/loginHandler.go:62.4,63.34 2 1
github.com/Ulbora/GoAuth2Users/handlers/loginHandler.go:50.66,53.14 3 1
github.com/Ulbora/GoAuth2Users/handlers/loginHandler.go:53.14,56.6 2 1
github.com/Ulbora/GoAuth2Users/handlers/loginHandler.go:56.11,58.6 1 1
github.com/Ulbora/GoAuth2Users/handlers/loginHandler.go:59.10,61.5 1 1
github.com/Ulbora/GoAuth2Users/handlers/roleHandler.go:36.71,49.10 10 1
github.com/Ulbora/GoAuth2Users/handlers/roleHandler.go:49.10,52.20 3 1
github.com/Ulbora/GoAuth2Users/handlers/roleHandler.go:52.20,54.4 1 1
github.com/Ulbora/GoAuth2Users/handlers/roleHandler.go:54.9,60.30 6 1
github.com/Ulbora/GoAuth2Users/handlers/roleHandler.go:60.30,62.5 1 1
github.com/Ulbora/GoAuth2Users/handlers/roleHandler.go:62.10,67.29 5 1
github.com/Ulbora/GoAuth2Users/handlers/roleHandler.go:74.5,75.35 2 1
github.com/Ulbora/GoAuth2Users/handlers/roleHandler.go:67.29,71.6 3 1
github.com/Ulbora/GoAuth2Users/handlers/roleHandler.go:71.11,73.6 1 1
github.com/Ulbora/GoAuth2Users/handlers/roleHandler.go:78.8,83.3 4 1
github.com/Ulbora/GoAuth2Users/handlers/roleHandler.go:87.71,97.10 8 1
github.com/Ulbora/GoAuth2Users/handlers/roleHandler.go:97.10,100.36 3 1
github.com/Ulbora/GoAuth2Users/handlers/roleHandler.go:100.36,104.31 4 1
github.com/Ulbora/GoAuth2Users/handlers/roleHandler.go:104.31,111.5 6 1
github.com/Ulbora/GoAuth2Users/handlers/roleHandler.go:111.10,113.5 1 1
github.com/Ulbora/GoAuth2Users/handlers/roleHandler.go:114.9,116.4 1 1
github.com/Ulbora/GoAuth2Users/handlers/roleHandler.go:117.8,119.3 1 1
github.com/Ulbora/GoAuth2Users/handlers/roleHandler.go:123.75,132.10 8 1
github.com/Ulbora/GoAuth2Users/handlers/roleHandler.go:132.10,138.3 5 1
github.com/Ulbora/GoAuth2Users/handlers/roleHandler.go:138.8,140.3 1 1
github.com/Ulbora/GoAuth2Users/handlers/roleHandler.go:144.74,154.10 8 1
github.com/Ulbora/GoAuth2Users/handlers/roleHandler.go:154.10,158.36 3 1
github.com/Ulbora/GoAuth2Users/handlers/roleHandler.go:158.36,163.31 5 1
github.com/Ulbora/GoAuth2Users/handlers/roleHandler.go:163.31,167.12 4 1
github.com/Ulbora/GoAuth2Users/handlers/roleHandler.go:173.5,174.35 2 1
github.com/Ulbora/GoAuth2Users/handlers/roleHandler.go:167.12,170.6 2 1
github.com/Ulbora/GoAuth2Users/handlers/roleHandler.go:170.11,172.6 1 1
github.com/Ulbora/GoAuth2Users/handlers/roleHandler.go:175.10,177.5 1 1
github.com/Ulbora/GoAuth2Users/handlers/roleHandler.go:178.9,180.4 1 1
github.com/Ulbora/GoAuth2Users/handlers/roleHandler.go:181.8,183.3 1 1
github.com/Ulbora/GoAuth2Users/handlers/userHandler.go:36.71,47.10 8 1
github.com/Ulbora/GoAuth2Users/handlers/userHandler.go:47.10,50.20 3 1
github.com/Ulbora/GoAuth2Users/handlers/userHandler.go:50.20,52.4 1 1
github.com/Ulbora/GoAuth2Users/handlers/userHandler.go:52.9,58.31 6 1
github.com/Ulbora/GoAuth2Users/handlers/userHandler.go:58.31,60.5 1 1
github.com/Ulbora/GoAuth2Users/handlers/userHandler.go:60.10,64.15 4 1
github.com/Ulbora/GoAuth2Users/handlers/userHandler.go:70.5,71.35 2 1
github.com/Ulbora/GoAuth2Users/handlers/userHandler.go:64.15,67.6 2 1
github.com/Ulbora/GoAuth2Users/handlers/userHandler.go:67.11,69.6 1 1
github.com/Ulbora/GoAuth2Users/handlers/userHandler.go:74.8,79.3 4 1
github.com/Ulbora/GoAuth2Users/handlers/userHandler.go:83.74,97.10 10 1
github.com/Ulbora/GoAuth2Users/handlers/userHandler.go:97.10,101.21 3 1
github.com/Ulbora/GoAuth2Users/handlers/userHandler.go:101.21,103.4 1 1
github.com/Ulbora/GoAuth2Users/handlers/userHandler.go:103.9,109.35 6 1
github.com/Ulbora/GoAuth2Users/handlers/userHandler.go:109.35,111.5 1 1
github.com/Ulbora/GoAuth2Users/handlers/userHandler.go:111.10,113.28 2 1
github.com/Ulbora/GoAuth2Users/handlers/userHandler.go:123.5,125.16 3 1
github.com/Ulbora/GoAuth2Users/handlers/userHandler.go:131.5,132.35 2 1
github.com/Ulbora/GoAuth2Users/handlers/userHandler.go:113.28,116.6 2 1
github.com/Ulbora/GoAuth2Users/handlers/userHandler.go:116.11,116.99 1 1
github.com/Ulbora/GoAuth2Users/handlers/userHandler.go:116.99,119.6 2 1
github.com/Ulbora/GoAuth2Users/handlers/userHandler.go:119.11,122.6 2 1
github.com/Ulbora/GoAuth2Users/handlers/userHandler.go:125.16,128.6 2 1
github.com/Ulbora/GoAuth2Users/handlers/userHandler.go:128.11,130.6 1 1
github.com/Ulbora/GoAuth2Users/handlers/userHandler.go:135.8,140.3 4 1
github.com/Ulbora/GoAuth2Users/handlers/userHandler.go:144.71,154.10 8 1
github.com/Ulbora/GoAuth2Users/handlers/userHandler.go:154.10,158.36 3 1
github.com/Ulbora/GoAuth2Users/handlers/userHandler.go:158.36,163.49 5 1
github.com/Ulbora/GoAuth2Users/handlers/userHandler.go:163.49,170.5 6 1
github.com/Ulbora/GoAuth2Users/handlers/userHandler.go:170.10,172.5 1 1
github.com/Ulbora/GoAuth2Users/handlers/userHandler.go:173.9,175.4 1 1
github.com/Ulbora/GoAuth2Users/handlers/userHandler.go:176.8,178.3 1 1
github.com/Ulbora/GoAuth2Users/handlers/userHandler.go:182.75,192.10 8 1
github.com/Ulbora/GoAuth2Users/handlers/userHandler.go:192.10,198.3 5 1
github.com/Ulbora/GoAuth2Users/handlers/userHandler.go:198.8,200.3 1 1
github.com/Ulbora/GoAuth2Users/handlers/userHandler.go:204.78,214.10 8 1
github.com/Ulbora/GoAuth2Users/handlers/userHandler.go:214.10,218.36 3 1
github.com/Ulbora/GoAuth2Users/handlers/userHandler.go:218.36,223.33 4 1
github.com/Ulbora/GoAuth2Users/handlers/userHandler.go:223.33,230.5 6 1
github.com/Ulbora/GoAuth2Users/handlers/userHandler.go:230.10,232.5 1 1
github.com/Ulbora/GoAuth2Users/handlers/userHandler.go:233.9,235.4 1 1
github.com/Ulbora/GoAuth2Users/handlers/userHandler.go:236.8,238.3 1 1
github.com/Ulbora/GoAuth2Users/handlers/userHandler.go:242.74,252.10 8 1
github.com/Ulbora/GoAuth2Users/handlers/userHandler.go:252.10,256.36 3 1
github.com/Ulbora/GoAuth2Users/handlers/userHandler.go:256.36,261.51 5 1
github.com/Ulbora/GoAuth2Users/handlers/userHandler.go:261.51,266.13 5 1
github.com/Ulbora/GoAuth2Users/handlers/userHandler.go:272.5,273.35 2 1
github.com/Ulbora/GoAuth2Users/handlers/userHandler.go:266.13,269.6 2 1
github.com/Ulbora/GoAuth2Users/handlers/userHandler.go:269.11,271.6 1 1
github.com/Ulbora/GoAuth2Users/handlers/userHandler.go:274.10,276.5 1 1
github.com/Ulbora/GoAuth2Users/handlers/userHandler.go:277.9,279.4 1 1
github.com/Ulbora/GoAuth2Users/handlers/userHandler.go:280.8,282.3 1 1
