mode: set
github.com/Ulbora/GoAuth2Users/handlers/clientUserHandler.go:36.77,47.10 8 1
github.com/Ulbora/GoAuth2Users/handlers/clientUserHandler.go:47.10,50.21 3 1
github.com/Ulbora/GoAuth2Users/handlers/clientUserHandler.go:50.21,52.4 1 1
github.com/Ulbora/GoAuth2Users/handlers/clientUserHandler.go:52.9,60.32 8 1
github.com/Ulbora/GoAuth2Users/handlers/clientUserHandler.go:60.32,62.5 1 1
github.com/Ulbora/GoAuth2Users/handlers/clientUserHandler.go:62.10,62.40 1 1
github.com/Ulbora/GoAuth2Users/handlers/clientUserHandler.go:62.40,64.5 1 1
github.com/Ulbora/GoAuth2Users/handlers/clientUserHandler.go:64.10,70.16 6 1
github.com/Ulbora/GoAuth2Users/handlers/clientUserHandler.go:76.5,77.35 2 1
github.com/Ulbora/GoAuth2Users/handlers/clientUserHandler.go:70.16,73.6 2 1
github.com/Ulbora/GoAuth2Users/handlers/clientUserHandler.go:73.11,75.6 1 1
github.com/Ulbora/GoAuth2Users/handlers/clientUserHandler.go:80.8,85.3 4 1
github.com/Ulbora/GoAuth2Users/handlers/clientUserHandler.go:89.80,103.10 10 1
github.com/Ulbora/GoAuth2Users/handlers/clientUserHandler.go:103.10,107.21 3 1
github.com/Ulbora/GoAuth2Users/handlers/clientUserHandler.go:107.21,109.4 1 1
github.com/Ulbora/GoAuth2Users/handlers/clientUserHandler.go:109.9,117.36 8 1
github.com/Ulbora/GoAuth2Users/handlers/clientUserHandler.go:117.36,119.5 1 1
github.com/Ulbora/GoAuth2Users/handlers/clientUserHandler.go:119.10,119.40 1 1
github.com/Ulbora/GoAuth2Users/handlers/clientUserHandler.go:119.40,121.5 1 1
github.com/Ulbora/GoAuth2Users/handlers/clientUserHandler.go:121.10,125.29 4 1
github.com/Ulbora/GoAuth2Users/handlers/clientUserHandler.go:135.5,137.17 3 1
github.com/Ulbora/GoAuth2Users/handlers/clientUserHandler.go:143.5,144.35 2 1
github.com/Ulbora/GoAuth2Users/handlers/clientUserHandler.go:125.29,128.6 2 1
github.com/Ulbora/GoAuth2Users/handlers/clientUserHandler.go:128.11,128.103 1 1
github.com/Ulbora/GoAuth2Users/handlers/clientUserHandler.go:128.103,131.6 2 1
github.com/Ulbora/GoAuth2Users/handlers/clientUserHandler.go:131.11,134.6 2 1
github.com/Ulbora/GoAuth2Users/handlers/clientUserHandler.go:137.17,140.6 2 1
github.com/Ulbora/GoAuth2Users/handlers/clientUserHandler.go:140.11,142.6 1 1
github.com/Ulbora/GoAuth2Users/handlers/clientUserHandler.go:147.8,152.3 4 1
github.com/Ulbora/GoAuth2Users/handlers/clientUserHandler.go:156.77,166.10 8 1
github.com/Ulbora/GoAuth2Users/handlers/clientUserHandler.go:166.10,170.36 3 1
github.com/Ulbora/GoAuth2Users/handlers/clientUserHandler.go:170.36,176.50 5 1
github.com/Ulbora/GoAuth2Users/handlers/clientUserHandler.go:176.50,183.5 6 1
github.com/Ulbora/GoAuth2Users/handlers/clientUserHandler.go:183.10,185.5 1 1
github.com/Ulbora/GoAuth2Users/handlers/clientUserHandler.go:186.9,188.4 1 1
github.com/Ulbora/GoAuth2Users/handlers/clientUserHandler.go:189.8,191.3 1 1
github.com/Ulbora/GoAuth2Users/handlers/clientUserHandler.go:195.84,205.10 8 1
github.com/Ulbora/GoAuth2Users/handlers/clientUserHandler.go:205.10,208.34 3 1
github.com/Ulbora/GoAuth2Users/handlers/clientUserHandler.go:208.34,215.4 6 1
github.com/Ulbora/GoAuth2Users/handlers/clientUserHandler.go:215.9,217.4 1 1
github.com/Ulbora/GoAuth2Users/handlers/clientUserHandler.go:218.8,220.3 1 1
github.com/Ulbora/GoAuth2Users/handlers/clientUserHandler.go:224.80,234.10 8 1
github.com/Ulbora/GoAuth2Users/handlers/clientUserHandler.go:234.10,238.36 3 1
github.com/Ulbora/GoAuth2Users/handlers/clientUserHandler.go:238.36,244.52 5 1
github.com/Ulbora/GoAuth2Users/handlers/clientUserHandler.go:244.52,249.13 5 1
github.com/Ulbora/GoAuth2Users/handlers/clientUserHandler.go:255.5,256.35 2 1
github.com/Ulbora/GoAuth2Users/handlers/clientUserHandler.go:249.13,252.6 2 1
github.com/Ulbora/GoAuth2Users/handlers/clientUserHandler.go:252.11,254.6 1 1
github.com/Ulbora/GoAuth2Users/handlers/clientUserHandler.go:257.10,259.5 1 1
github.com/Ulbora/GoAuth2Users/handlers/clientUserHandler.go:260.9,262.4 1 1
github.com/Ulbora/GoAuth2Users/handlers/clientUserHandler.go:263.8,265.3 1 1
github.com/Ulbora/GoAuth2Users/handlers/handler.go:86.40,90.2 3 1
github.com/Ulbora/GoAuth2Users/handlers/handler.go:93.58,96.33 3 1
github.com/Ulbora/GoAuth2Users/handlers/handler.go:99.2,99.12 1 1
github.com/Ulbora/GoAuth2Users/handlers/handler.go:96.33,98.3 1 1
github.com/Ulbora/GoAuth2Users/handlers/handler.go:103.61,105.2 1 1
github.com/Ulbora/GoAuth2Users/handlers/handler.go:108.83,112.19 3 1
github.com/Ulbora/GoAuth2Users/handlers/handler.go:126.2,126.17 1 1
github.com/Ulbora/GoAuth2Users/handlers/handler.go:112.19,117.17 3 1
github.com/Ulbora/GoAuth2Users/handlers/handler.go:117.17,119.4 1 1
github.com/Ulbora/GoAuth2Users/handlers/handler.go:119.9,121.4 1 1
github.com/Ulbora/GoAuth2Users/handlers/handler.go:122.8,124.3 1 1
github.com/Ulbora/GoAuth2Users/handlers/handler.go:129.49,131.43 2 1
github.com/Ulbora/GoAuth2Users/handlers/handler.go:136.2,136.12 1 1
github.com/Ulbora/GoAuth2Users/handlers/handler.go:131.43,133.3 1 1
github.com/Ulbora/GoAuth2Users/handlers/handler.go:133.8,135.3 1 1
github.com/Ulbora/GoAuth2Users/handlers/loginHandler.go:34.73,39.19 4 1
github.com/Ulbora/GoAuth2Users/handlers/loginHandler.go:39.19,41.3 1 1
github.com/Ulbora/GoAuth2Users/handlers/loginHandler.go:41.8,47.30 6 1
github.com/Ulbora/GoAuth2Users/handlers/loginHandler.go:47.30,49.4 1 1
github.com/Ulbora/GoAuth2Users/handlers/loginHandler.go:49.9,51.66 2 1
github.com/Ulbora/GoAuth2Users/handlers/loginHandler.go:64.4,65.34 2 1
github.com/Ulbora/GoAuth2Users/handlers/loginHandler.go:51.66,54.14 3 1
github.com/Ulbora/GoAuth2Users/handlers/loginHandler.go:54.14,58.6 3 1
github.com/Ulbora/GoAuth2Users/handlers/loginHandler.go:58.11,60.6 1 1
github.com/Ulbora/GoAuth2Users/handlers/loginHandler.go:61.10,63.5 1 1
github.com/Ulbora/GoAuth2Users/handlers/roleHandler.go:36.71,49.10 10 1
github.com/Ulbora/GoAuth2Users/handlers/roleHandler.go:49.10,52.20 3 1
github.com/Ulbora/GoAuth2Users/handlers/roleHandler.go:52.20,54.4 1 1
github.com/Ulbora/GoAuth2Users/handlers/roleHandler.go:54.9,60.30 6 1
github.com/Ulbora/GoAuth2Users/handlers/roleHandler.go:60.30,62.5 1 1
github.com/Ulbora/GoAuth2Users/handlers/roleHandler.go:62.10,67.29 5 1
github.com/Ulbora/GoAuth2Users/handlers/roleHandler.go:74.5,75.35 2 1
github.com/Ulbora/GoAuth2Users/handlers/roleHandler.go:67.29,71.6 3 1
github.com/Ulbora/GoAuth2Users/handlers/roleHandler.go:71.11,73.6 1 1
github.com/Ulbora/GoAuth2Users/handlers/roleHandler.go:78.8,83.3 4 1
github.com/Ulbora/GoAuth2Users/handlers/roleHandler.go:87.71,97.10 8 1
github.com/Ulbora/GoAuth2Users/handlers/roleHandler.go:97.10,100.36 3 1
github.com/Ulbora/GoAuth2Users/handlers/roleHandler.go:100.36,104.31 4 1
github.com/Ulbora/GoAuth2Users/handlers/roleHandler.go:104.31,111.5 6 1
github.com/Ulbora/GoAuth2Users/handlers/roleHandler.go:111.10,113.5 1 1
github.com/Ulbora/GoAuth2Users/handlers/roleHandler.go:114.9,116.4 1 1
github.com/Ulbora/GoAuth2Users/handlers/roleHandler.go:117.8,119.3 1 1
github.com/Ulbora/GoAuth2Users/handlers/roleHandler.go:123.75,132.10 8 1
github.com/Ulbora/GoAuth2Users/handlers/roleHandler.go:132.10,138.3 5 1
github.com/Ulbora/GoAuth2Users/handlers/roleHandler.go:138.8,140.3 1 1
github.com/Ulbora/GoAuth2Users/handlers/roleHandler.go:144.74,154.10 8 1
github.com/Ulbora/GoAuth2Users/handlers/roleHandler.go:154.10,158.36 3 1
github.com/Ulbora/GoAuth2Users/handlers/roleHandler.go:158.36,163.31 5 1
github.com/Ulbora/GoAuth2Users/handlers/roleHandler.go:163.31,167.12 4 1
github.com/Ulbora/GoAuth2Users/handlers/roleHandler.go:173.5,174.35 2 1
github.com/Ulbora/GoAuth2Users/handlers/roleHandler.go:167.12,170.6 2 1
github.com/Ulbora/GoAuth2Users/handlers/roleHandler.go:170.11,172.6 1 1
github.com/Ulbora/GoAuth2Users/handlers/roleHandler.go:175.10,177.5 1 1
github.com/Ulbora/GoAuth2Users/handlers/roleHandler.go:178.9,180.4 1 1
github.com/Ulbora/GoAuth2Users/handlers/roleHandler.go:181.8,183.3 1 1
github.com/Ulbora/GoAuth2Users/handlers/userHandler.go:36.71,47.10 8 1
github.com/Ulbora/GoAuth2Users/handlers/userHandler.go:47.10,50.20 3 1
github.com/Ulbora/GoAuth2Users/handlers/userHandler.go:50.20,52.4 1 1
github.com/Ulbora/GoAuth2Users/handlers/userHandler.go:52.9,58.31 6 1
github.com/Ulbora/GoAuth2Users/handlers/userHandler.go:58.31,60.5 1 1
github.com/Ulbora/GoAuth2Users/handlers/userHandler.go:60.10,64.15 4 1
github.com/Ulbora/GoAuth2Users/handlers/userHandler.go:70.5,71.35 2 1
github.com/Ulbora/GoAuth2Users/handlers/userHandler.go:64.15,67.6 2 1
github.com/Ulbora/GoAuth2Users/handlers/userHandler.go:67.11,69.6 1 1
github.com/Ulbora/GoAuth2Users/handlers/userHandler.go:74.8,79.3 4 1
github.com/Ulbora/GoAuth2Users/handlers/userHandler.go:83.74,97.10 10 1
github.com/Ulbora/GoAuth2Users/handlers/userHandler.go:97.10,101.21 3 1
github.com/Ulbora/GoAuth2Users/handlers/userHandler.go:101.21,103.4 1 1
github.com/Ulbora/GoAuth2Users/handlers/userHandler.go:103.9,109.35 6 1
github.com/Ulbora/GoAuth2Users/handlers/userHandler.go:109.35,111.5 1 1
github.com/Ulbora/GoAuth2Users/handlers/userHandler.go:111.10,113.28 2 1
github.com/Ulbora/GoAuth2Users/handlers/userHandler.go:123.5,125.16 3 1
github.com/Ulbora/GoAuth2Users/handlers/userHandler.go:131.5,132.35 2 1
github.com/Ulbora/GoAuth2Users/handlers/userHandler.go:113.28,116.6 2 1
github.com/Ulbora/GoAuth2Users/handlers/userHandler.go:116.11,116.99 1 1
github.com/Ulbora/GoAuth2Users/handlers/userHandler.go:116.99,119.6 2 1
github.com/Ulbora/GoAuth2Users/handlers/userHandler.go:119.11,122.6 2 1
github.com/Ulbora/GoAuth2Users/handlers/userHandler.go:125.16,128.6 2 1
github.com/Ulbora/GoAuth2Users/handlers/userHandler.go:128.11,130.6 1 1
github.com/Ulbora/GoAuth2Users/handlers/userHandler.go:135.8,140.3 4 1
github.com/Ulbora/GoAuth2Users/handlers/userHandler.go:144.71,154.10 8 1
github.com/Ulbora/GoAuth2Users/handlers/userHandler.go:154.10,158.36 3 1
github.com/Ulbora/GoAuth2Users/handlers/userHandler.go:158.36,163.49 5 1
github.com/Ulbora/GoAuth2Users/handlers/userHandler.go:163.49,170.5 6 1
github.com/Ulbora/GoAuth2Users/handlers/userHandler.go:170.10,172.5 1 1
github.com/Ulbora/GoAuth2Users/handlers/userHandler.go:173.9,175.4 1 1
github.com/Ulbora/GoAuth2Users/handlers/userHandler.go:176.8,178.3 1 1
github.com/Ulbora/GoAuth2Users/handlers/userHandler.go:182.75,192.10 8 1
github.com/Ulbora/GoAuth2Users/handlers/userHandler.go:192.10,198.3 5 1
github.com/Ulbora/GoAuth2Users/handlers/userHandler.go:198.8,200.3 1 1
github.com/Ulbora/GoAuth2Users/handlers/userHandler.go:204.78,214.10 8 1
github.com/Ulbora/GoAuth2Users/handlers/userHandler.go:214.10,218.36 3 1
github.com/Ulbora/GoAuth2Users/handlers/userHandler.go:218.36,223.33 4 1
github.com/Ulbora/GoAuth2Users/handlers/userHandler.go:223.33,230.5 6 1
github.com/Ulbora/GoAuth2Users/handlers/userHandler.go:230.10,232.5 1 1
github.com/Ulbora/GoAuth2Users/handlers/userHandler.go:233.9,235.4 1 1
github.com/Ulbora/GoAuth2Users/handlers/userHandler.go:236.8,238.3 1 1
github.com/Ulbora/GoAuth2Users/handlers/userHandler.go:242.74,252.10 8 1
github.com/Ulbora/GoAuth2Users/handlers/userHandler.go:252.10,256.36 3 1
github.com/Ulbora/GoAuth2Users/handlers/userHandler.go:256.36,261.51 5 1
github.com/Ulbora/GoAuth2Users/handlers/userHandler.go:261.51,266.13 5 1
github.com/Ulbora/GoAuth2Users/handlers/userHandler.go:272.5,273.35 2 1
github.com/Ulbora/GoAuth2Users/handlers/userHandler.go:266.13,269.6 2 1
github.com/Ulbora/GoAuth2Users/handlers/userHandler.go:269.11,271.6 1 1
github.com/Ulbora/GoAuth2Users/handlers/userHandler.go:274.10,276.5 1 1
github.com/Ulbora/GoAuth2Users/handlers/userHandler.go:277.9,279.4 1 1
github.com/Ulbora/GoAuth2Users/handlers/userHandler.go:280.8,282.3 1 1
