mode: set
github.com/Ulbora/GoAuth2Users/managers/manager.go:76.62,80.16 4 1
github.com/Ulbora/GoAuth2Users/managers/manager.go:84.2,84.17 1 1
github.com/Ulbora/GoAuth2Users/managers/manager.go:80.16,83.3 2 1
github.com/Ulbora/GoAuth2Users/managers/manager.go:87.68,90.16 3 1
github.com/Ulbora/GoAuth2Users/managers/manager.go:93.2,93.12 1 1
github.com/Ulbora/GoAuth2Users/managers/manager.go:90.16,92.3 1 1
github.com/Ulbora/GoAuth2Users/managers/manager.go:97.40,101.2 3 1
github.com/Ulbora/GoAuth2Users/managers/mockManager.go:46.62,48.2 1 1
github.com/Ulbora/GoAuth2Users/managers/mockManager.go:51.54,53.2 1 1
github.com/Ulbora/GoAuth2Users/managers/mockManager.go:56.52,58.2 1 1
github.com/Ulbora/GoAuth2Users/managers/mockManager.go:61.53,63.2 1 1
github.com/Ulbora/GoAuth2Users/managers/mockManager.go:66.53,68.2 1 1
github.com/Ulbora/GoAuth2Users/managers/mockManager.go:71.64,73.2 1 1
github.com/Ulbora/GoAuth2Users/managers/mockManager.go:76.63,78.2 1 1
github.com/Ulbora/GoAuth2Users/managers/mockManager.go:81.60,83.2 1 1
github.com/Ulbora/GoAuth2Users/managers/mockManager.go:86.74,88.2 1 1
github.com/Ulbora/GoAuth2Users/managers/mockManager.go:91.53,93.2 1 1
github.com/Ulbora/GoAuth2Users/managers/mockManager.go:96.65,98.2 1 1
github.com/Ulbora/GoAuth2Users/managers/mockManager.go:101.76,103.2 1 1
github.com/Ulbora/GoAuth2Users/managers/mockManager.go:106.95,108.2 1 1
github.com/Ulbora/GoAuth2Users/managers/mockManager.go:111.44,115.2 3 1
github.com/Ulbora/GoAuth2Users/managers/roleManager.go:31.58,34.19 3 1
github.com/Ulbora/GoAuth2Users/managers/roleManager.go:42.2,42.16 1 1
github.com/Ulbora/GoAuth2Users/managers/roleManager.go:34.19,37.10 3 1
github.com/Ulbora/GoAuth2Users/managers/roleManager.go:37.10,40.4 2 1
github.com/Ulbora/GoAuth2Users/managers/roleManager.go:46.50,49.2 2 1
github.com/Ulbora/GoAuth2Users/managers/roleManager.go:52.48,55.2 2 1
github.com/Ulbora/GoAuth2Users/managers/roleManager.go:58.49,61.2 2 1
github.com/Ulbora/GoAuth2Users/managers/userManager.go:31.49,33.106 2 1
github.com/Ulbora/GoAuth2Users/managers/userManager.go:45.2,45.12 1 1
github.com/Ulbora/GoAuth2Users/managers/userManager.go:33.106,35.10 2 1
github.com/Ulbora/GoAuth2Users/managers/userManager.go:35.10,40.12 4 1
github.com/Ulbora/GoAuth2Users/managers/userManager.go:40.12,42.5 1 1
github.com/Ulbora/GoAuth2Users/managers/userManager.go:49.60,51.63 2 1
github.com/Ulbora/GoAuth2Users/managers/userManager.go:63.2,63.12 1 1
github.com/Ulbora/GoAuth2Users/managers/userManager.go:51.63,54.10 3 1
github.com/Ulbora/GoAuth2Users/managers/userManager.go:54.10,58.12 3 1
github.com/Ulbora/GoAuth2Users/managers/userManager.go:58.12,60.5 1 1
github.com/Ulbora/GoAuth2Users/managers/userManager.go:67.59,69.42 2 1
github.com/Ulbora/GoAuth2Users/managers/userManager.go:78.2,78.12 1 1
github.com/Ulbora/GoAuth2Users/managers/userManager.go:69.42,74.11 4 1
github.com/Ulbora/GoAuth2Users/managers/userManager.go:74.11,76.4 1 1
github.com/Ulbora/GoAuth2Users/managers/userManager.go:82.56,84.120 2 1
github.com/Ulbora/GoAuth2Users/managers/userManager.go:96.2,96.12 1 1
github.com/Ulbora/GoAuth2Users/managers/userManager.go:84.120,92.11 7 1
github.com/Ulbora/GoAuth2Users/managers/userManager.go:92.11,94.4 1 1
github.com/Ulbora/GoAuth2Users/managers/userManager.go:100.70,102.36 2 1
github.com/Ulbora/GoAuth2Users/managers/userManager.go:114.2,114.13 1 1
github.com/Ulbora/GoAuth2Users/managers/userManager.go:102.36,112.3 9 1
github.com/Ulbora/GoAuth2Users/managers/userManager.go:118.49,121.24 3 1
github.com/Ulbora/GoAuth2Users/managers/userManager.go:125.2,125.13 1 1
github.com/Ulbora/GoAuth2Users/managers/userManager.go:121.24,124.3 2 1
github.com/Ulbora/GoAuth2Users/managers/userManager.go:129.61,132.24 3 1
github.com/Ulbora/GoAuth2Users/managers/userManager.go:136.2,136.13 1 1
github.com/Ulbora/GoAuth2Users/managers/userManager.go:132.24,135.3 2 1
github.com/Ulbora/GoAuth2Users/managers/userManager.go:140.72,142.36 2 1
github.com/Ulbora/GoAuth2Users/managers/userManager.go:145.2,145.12 1 1
github.com/Ulbora/GoAuth2Users/managers/userManager.go:142.36,144.3 1 1
github.com/Ulbora/GoAuth2Users/managers/userManager.go:149.91,151.54 2 1
github.com/Ulbora/GoAuth2Users/managers/userManager.go:157.2,157.12 1 1
github.com/Ulbora/GoAuth2Users/managers/userManager.go:151.54,153.47 2 1
github.com/Ulbora/GoAuth2Users/managers/userManager.go:153.47,155.4 1 1
github.com/Ulbora/GoAuth2Users/managers/userManager.go:160.44,168.2 7 1
