mode: set
github.com/Ulbora/GoAuth2Users/managers/manager.go:74.62,78.16 4 1
github.com/Ulbora/GoAuth2Users/managers/manager.go:82.2,82.17 1 1
github.com/Ulbora/GoAuth2Users/managers/manager.go:78.16,81.3 2 1
github.com/Ulbora/GoAuth2Users/managers/manager.go:85.68,88.16 3 1
github.com/Ulbora/GoAuth2Users/managers/manager.go:91.2,91.12 1 1
github.com/Ulbora/GoAuth2Users/managers/manager.go:88.16,90.3 1 1
github.com/Ulbora/GoAuth2Users/managers/manager.go:95.40,99.2 3 1
github.com/Ulbora/GoAuth2Users/managers/userManager.go:32.49,34.106 2 1
github.com/Ulbora/GoAuth2Users/managers/userManager.go:46.2,46.12 1 1
github.com/Ulbora/GoAuth2Users/managers/userManager.go:34.106,36.10 2 1
github.com/Ulbora/GoAuth2Users/managers/userManager.go:36.10,41.12 5 1
github.com/Ulbora/GoAuth2Users/managers/userManager.go:41.12,43.5 1 1
github.com/Ulbora/GoAuth2Users/managers/userManager.go:50.60,52.63 2 1
github.com/Ulbora/GoAuth2Users/managers/userManager.go:64.2,64.12 1 1
github.com/Ulbora/GoAuth2Users/managers/userManager.go:52.63,55.10 3 1
github.com/Ulbora/GoAuth2Users/managers/userManager.go:55.10,59.12 4 1
github.com/Ulbora/GoAuth2Users/managers/userManager.go:59.12,61.5 1 1
github.com/Ulbora/GoAuth2Users/managers/userManager.go:68.59,70.42 2 1
github.com/Ulbora/GoAuth2Users/managers/userManager.go:79.2,79.12 1 1
github.com/Ulbora/GoAuth2Users/managers/userManager.go:70.42,75.11 5 1
github.com/Ulbora/GoAuth2Users/managers/userManager.go:75.11,77.4 1 1
github.com/Ulbora/GoAuth2Users/managers/userManager.go:83.56,85.120 2 1
github.com/Ulbora/GoAuth2Users/managers/userManager.go:97.2,97.12 1 1
github.com/Ulbora/GoAuth2Users/managers/userManager.go:85.120,93.11 8 1
github.com/Ulbora/GoAuth2Users/managers/userManager.go:93.11,95.4 1 1
github.com/Ulbora/GoAuth2Users/managers/userManager.go:101.70,103.36 2 1
github.com/Ulbora/GoAuth2Users/managers/userManager.go:115.2,115.13 1 1
github.com/Ulbora/GoAuth2Users/managers/userManager.go:103.36,113.3 9 1
github.com/Ulbora/GoAuth2Users/managers/userManager.go:119.49,122.24 3 1
github.com/Ulbora/GoAuth2Users/managers/userManager.go:126.2,126.13 1 1
github.com/Ulbora/GoAuth2Users/managers/userManager.go:122.24,125.3 2 1
github.com/Ulbora/GoAuth2Users/managers/userManager.go:130.61,133.24 3 1
github.com/Ulbora/GoAuth2Users/managers/userManager.go:137.2,137.13 1 1
github.com/Ulbora/GoAuth2Users/managers/userManager.go:133.24,136.3 2 1
github.com/Ulbora/GoAuth2Users/managers/userManager.go:141.72,143.36 2 1
github.com/Ulbora/GoAuth2Users/managers/userManager.go:146.2,146.12 1 1
github.com/Ulbora/GoAuth2Users/managers/userManager.go:143.36,145.3 1 1
github.com/Ulbora/GoAuth2Users/managers/userManager.go:149.44,157.2 7 1
