mode: set
github.com/Ulbora/GoAuth2Users/db/database.go:72.40,80.26 8 1
github.com/Ulbora/GoAuth2Users/db/database.go:92.2,92.12 1 1
github.com/Ulbora/GoAuth2Users/db/database.go:80.26,85.17 3 1
github.com/Ulbora/GoAuth2Users/db/database.go:88.3,88.20 1 1
github.com/Ulbora/GoAuth2Users/db/database.go:85.17,87.4 1 1
github.com/Ulbora/GoAuth2Users/db/database.go:88.20,90.4 1 1
github.com/Ulbora/GoAuth2Users/db/role.go:27.50,28.25 1 1
github.com/Ulbora/GoAuth2Users/db/role.go:31.2,34.16 4 1
github.com/Ulbora/GoAuth2Users/db/role.go:28.25,30.3 1 1
github.com/Ulbora/GoAuth2Users/db/role.go:38.42,40.25 2 1
github.com/Ulbora/GoAuth2Users/db/role.go:43.2,46.37 4 1
github.com/Ulbora/GoAuth2Users/db/role.go:50.2,50.12 1 1
github.com/Ulbora/GoAuth2Users/db/role.go:40.25,42.3 1 1
github.com/Ulbora/GoAuth2Users/db/role.go:46.37,49.3 2 1
github.com/Ulbora/GoAuth2Users/db/role.go:54.40,56.25 2 1
github.com/Ulbora/GoAuth2Users/db/role.go:59.2,61.40 3 1
github.com/Ulbora/GoAuth2Users/db/role.go:69.2,69.13 1 1
github.com/Ulbora/GoAuth2Users/db/role.go:56.25,58.3 1 1
github.com/Ulbora/GoAuth2Users/db/role.go:61.40,63.28 2 1
github.com/Ulbora/GoAuth2Users/db/role.go:63.28,67.4 3 1
github.com/Ulbora/GoAuth2Users/db/role.go:73.44,74.25 1 1
github.com/Ulbora/GoAuth2Users/db/role.go:77.2,80.12 4 1
github.com/Ulbora/GoAuth2Users/db/role.go:74.25,76.3 1 1
github.com/Ulbora/GoAuth2Users/db/role.go:83.45,85.24 2 1
github.com/Ulbora/GoAuth2Users/db/role.go:92.2,92.13 1 1
github.com/Ulbora/GoAuth2Users/db/role.go:85.24,87.17 2 1
github.com/Ulbora/GoAuth2Users/db/role.go:87.17,90.4 2 1
